<?xml version="1.0" encoding="UTF-8"?>
<!-- Generated by org.testng.reporters.JUnitXMLReporter -->
<testsuite hostname="EVR01271NB" ignored="4" name="Default test" tests="1" failures="1" timestamp="19 Nov 2019 09:35:33 GMT" time="174.61" errors="0">
  <testcase name="Test1_LoginPageUIElementsTest" time="98.055" classname="com.automation.hackathon.TraditionalTests">
    <failure type="java.lang.AssertionError" message="The following asserts failed:
	Form header is not correct 
 expected [true] but found [false],
	Password label is not present  
 expected [true] but found [false],
	Username textbox placeholder is not correct 
 expected [true] but found [false],
	Password textbox placeholder is not correct 
 expected [true] but found [false],
	Linkedin image is not present 
 expected [true] but found [false],
	User male image is not present 
 expected [true] but found [false],
	Fingerprint image is not present 
 expected [true] but found [false]">
      <![CDATA[java.lang.AssertionError: The following asserts failed:
	Form header is not correct 
 expected [true] but found [false],
	Password label is not present  
 expected [true] but found [false],
	Username textbox placeholder is not correct 
 expected [true] but found [false],
	Password textbox placeholder is not correct 
 expected [true] but found [false],
	Linkedin image is not present 
 expected [true] but found [false],
	User male image is not present 
 expected [true] but found [false],
	Fingerprint image is not present 
 expected [true] but found [false]
	at org.testng.asserts.SoftAssert.assertAll(SoftAssert.java:43)
	at com.automation.hackathon.TraditionalTests.Test1_LoginPageUIElementsTest(TraditionalTests.java:51)
	at sun.reflect.NativeMethodAccessorImpl.invoke0(Native Method)
	at sun.reflect.NativeMethodAccessorImpl.invoke(Unknown Source)
	at sun.reflect.DelegatingMethodAccessorImpl.invoke(Unknown Source)
	at java.lang.reflect.Method.invoke(Unknown Source)
	at org.testng.internal.MethodInvocationHelper.invokeMethod(MethodInvocationHelper.java:104)
	at org.testng.internal.Invoker.invokeMethod(Invoker.java:645)
	at org.testng.internal.Invoker.invokeTestMethod(Invoker.java:851)
	at org.testng.internal.Invoker.invokeTestMethods(Invoker.java:1177)
	at org.testng.internal.TestMethodWorker.invokeTestMethods(TestMethodWorker.java:129)
	at org.testng.internal.TestMethodWorker.run(TestMethodWorker.java:112)
	at org.testng.TestRunner.privateRun(TestRunner.java:756)
	at org.testng.TestRunner.run(TestRunner.java:610)
	at org.testng.SuiteRunner.runTest(SuiteRunner.java:387)
	at org.testng.SuiteRunner.runSequentially(SuiteRunner.java:382)
	at org.testng.SuiteRunner.privateRun(SuiteRunner.java:340)
	at org.testng.SuiteRunner.run(SuiteRunner.java:289)
	at org.testng.SuiteRunnerWorker.runSuite(SuiteRunnerWorker.java:52)
	at org.testng.SuiteRunnerWorker.run(SuiteRunnerWorker.java:86)
	at org.testng.TestNG.runSuitesSequentially(TestNG.java:1293)
	at org.testng.TestNG.runSuitesLocally(TestNG.java:1218)
	at org.testng.TestNG.runSuites(TestNG.java:1133)
	at org.testng.TestNG.run(TestNG.java:1104)
	at org.testng.remote.AbstractRemoteTestNG.run(AbstractRemoteTestNG.java:132)
	at org.testng.remote.RemoteTestNG.initAndRun(RemoteTestNG.java:236)
	at org.testng.remote.RemoteTestNG.main(RemoteTestNG.java:81)
]]>
    </failure>
  </testcase> <!-- Test1_LoginPageUIElementsTest -->
  <testcase name="Test3_TableSortTest" time="0.0" classname="com.automation.hackathon.TraditionalTests">
    <ignored/>
  </testcase> <!-- Test3_TableSortTest -->
  <testcase name="Test2_DataDrivenTest" time="0.0" classname="com.automation.hackathon.TraditionalTests">
    <ignored/>
  </testcase> <!-- Test2_DataDrivenTest -->
  <testcase name="Test4_CanvasChartTest" time="0.0" classname="com.automation.hackathon.TraditionalTests">
    <ignored/>
  </testcase> <!-- Test4_CanvasChartTest -->
  <testcase name="Test5_DynamicContentTest" time="0.0" classname="com.automation.hackathon.TraditionalTests">
    <ignored/>
  </testcase> <!-- Test5_DynamicContentTest -->
</testsuite> <!-- Default test -->
