<?xml version="1.0" encoding="UTF-8"?>
<testng-results skipped="0" failed="1" ignored="4" total="5" passed="0">
  <reporter-output>
  </reporter-output>
  <suite name="Default suite" duration-ms="174610" started-at="2019-11-19T09:32:39Z" finished-at="2019-11-19T09:35:33Z">
    <groups>
    </groups>
    <test name="Default test" duration-ms="174610" started-at="2019-11-19T09:32:39Z" finished-at="2019-11-19T09:35:33Z">
      <class name="com.automation.hackathon.TraditionalTests">
        <test-method status="PASS" signature="beforeMethod(java.lang.reflect.Method)[pri:0, instance:com.automation.hackathon.TraditionalTests@d8f54a]" name="beforeMethod" is-config="true" duration-ms="75370" started-at="2019-11-19T11:32:39Z" finished-at="2019-11-19T11:33:54Z">
          <params>
            <param index="0">
              <value>
                <![CDATA[public void com.automation.hackathon.TraditionalTests.Test1_LoginPageUIElementsTest()]]>
              </value>
            </param>
          </params>
          <reporter-output>
          </reporter-output>
        </test-method> <!-- beforeMethod -->
        <test-method status="FAIL" signature="Test1_LoginPageUIElementsTest()[pri:0, instance:com.automation.hackathon.TraditionalTests@d8f54a]" name="Test1_LoginPageUIElementsTest" duration-ms="98055" started-at="2019-11-19T11:33:54Z" finished-at="2019-11-19T11:35:32Z">
          <exception class="java.lang.AssertionError">
            <message>
              <![CDATA[The following asserts failed:
	Form header is not correct 
 expected [true] but found [false],
	Password label is not present  
 expected [true] but found [false],
	Username textbox placeholder is not correct 
 expected [true] but found [false],
	Password textbox placeholder is not correct 
 expected [true] but found [false],
	Linkedin image is not present 
 expected [true] but found [false],
	User male image is not present 
 expected [true] but found [false],
	Fingerprint image is not present 
 expected [true] but found [false]]]>
            </message>
            <full-stacktrace>
              <![CDATA[java.lang.AssertionError: The following asserts failed:
	Form header is not correct 
 expected [true] but found [false],
	Password label is not present  
 expected [true] but found [false],
	Username textbox placeholder is not correct 
 expected [true] but found [false],
	Password textbox placeholder is not correct 
 expected [true] but found [false],
	Linkedin image is not present 
 expected [true] but found [false],
	User male image is not present 
 expected [true] but found [false],
	Fingerprint image is not present 
 expected [true] but found [false]
	at org.testng.asserts.SoftAssert.assertAll(SoftAssert.java:43)
	at com.automation.hackathon.TraditionalTests.Test1_LoginPageUIElementsTest(TraditionalTests.java:51)
	at sun.reflect.NativeMethodAccessorImpl.invoke0(Native Method)
	at sun.reflect.NativeMethodAccessorImpl.invoke(Unknown Source)
	at sun.reflect.DelegatingMethodAccessorImpl.invoke(Unknown Source)
	at java.lang.reflect.Method.invoke(Unknown Source)
	at org.testng.internal.MethodInvocationHelper.invokeMethod(MethodInvocationHelper.java:104)
	at org.testng.internal.Invoker.invokeMethod(Invoker.java:645)
	at org.testng.internal.Invoker.invokeTestMethod(Invoker.java:851)
	at org.testng.internal.Invoker.invokeTestMethods(Invoker.java:1177)
	at org.testng.internal.TestMethodWorker.invokeTestMethods(TestMethodWorker.java:129)
	at org.testng.internal.TestMethodWorker.run(TestMethodWorker.java:112)
	at org.testng.TestRunner.privateRun(TestRunner.java:756)
	at org.testng.TestRunner.run(TestRunner.java:610)
	at org.testng.SuiteRunner.runTest(SuiteRunner.java:387)
	at org.testng.SuiteRunner.runSequentially(SuiteRunner.java:382)
	at org.testng.SuiteRunner.privateRun(SuiteRunner.java:340)
	at org.testng.SuiteRunner.run(SuiteRunner.java:289)
	at org.testng.SuiteRunnerWorker.runSuite(SuiteRunnerWorker.java:52)
	at org.testng.SuiteRunnerWorker.run(SuiteRunnerWorker.java:86)
	at org.testng.TestNG.runSuitesSequentially(TestNG.java:1293)
	at org.testng.TestNG.runSuitesLocally(TestNG.java:1218)
	at org.testng.TestNG.runSuites(TestNG.java:1133)
	at org.testng.TestNG.run(TestNG.java:1104)
	at org.testng.remote.AbstractRemoteTestNG.run(AbstractRemoteTestNG.java:132)
	at org.testng.remote.RemoteTestNG.initAndRun(RemoteTestNG.java:236)
	at org.testng.remote.RemoteTestNG.main(RemoteTestNG.java:81)
]]>
            </full-stacktrace>
          </exception> <!-- java.lang.AssertionError -->
          <reporter-output>
          </reporter-output>
        </test-method> <!-- Test1_LoginPageUIElementsTest -->
        <test-method status="PASS" signature="afterMethod(org.testng.ITestResult)[pri:0, instance:com.automation.hackathon.TraditionalTests@d8f54a]" name="afterMethod" is-config="true" duration-ms="1137" started-at="2019-11-19T11:35:32Z" finished-at="2019-11-19T11:35:33Z">
          <params>
            <param index="0">
              <value>
                <![CDATA[[TestResult name=Test1_LoginPageUIElementsTest status=FAILURE method=TraditionalTests.Test1_LoginPageUIElementsTest()[pri:0, instance:com.automation.hackathon.TraditionalTests@d8f54a] output={null}]]]>
              </value>
            </param>
          </params>
          <reporter-output>
          </reporter-output>
        </test-method> <!-- afterMethod -->
      </class> <!-- com.automation.hackathon.TraditionalTests -->
    </test> <!-- Default test -->
  </suite> <!-- Default suite -->
</testng-results>
